<?xml version="1.0" encoding="UTF-8"?>
<testng-results ignored="0" total="1" passed="1" failed="0" skipped="0">
  <reporter-output>
  </reporter-output>
  <suite started-at="2021-05-06T01:10:20 CEST" name="Test" finished-at="2021-05-06T01:10:27 CEST" duration-ms="6259">
    <groups>
    </groups>
    <test started-at="2021-05-06T01:10:20 CEST" name="/Users/jamel/eclipse-workspace/TestngProject/src/main/java/smokeTest.java" finished-at="2021-05-06T01:10:27 CEST" duration-ms="6259">
      <class name="smokeTest">
        <test-method is-config="true" signature="steup(java.lang.String,java.lang.String,java.lang.String)[pri:0, instance:smokeTest@52af26ee]" started-at="2021-05-06T01:10:20 CEST" name="steup" finished-at="2021-05-06T01:10:26 CEST" duration-ms="5960" status="PASS">
          <params>
            <param index="0">
              <value>
                <![CDATA[safari]]>
              </value>
            </param>
            <param index="1">
              <value>
                <![CDATA[https://www.pierreetvacances.com/]]>
              </value>
            </param>
            <param index="2">
              <value>
                <![CDATA[QA]]>
              </value>
            </param>
          </params>
          <reporter-output>
          </reporter-output>
        </test-method> <!-- steup -->
        <test-method signature="Login()[pri:1, instance:smokeTest@52af26ee]" started-at="2021-05-06T01:10:26 CEST" name="Login" finished-at="2021-05-06T01:10:27 CEST" duration-ms="160" status="PASS">
          <reporter-output>
          </reporter-output>
        </test-method> <!-- Login -->
        <test-method is-config="true" signature="cleanUp()[pri:0, instance:smokeTest@52af26ee]" started-at="2021-05-06T01:10:27 CEST" name="cleanUp" finished-at="2021-05-06T01:10:27 CEST" duration-ms="108" status="PASS">
          <reporter-output>
          </reporter-output>
        </test-method> <!-- cleanUp -->
      </class> <!-- smokeTest -->
    </test> <!-- /Users/jamel/eclipse-workspace/TestngProject/src/main/java/smokeTest.java -->
  </suite> <!-- Test -->
</testng-results>
